-------------------------------------------------------------------------------
Test set: by.itacademy.calculator.sabatsevIgor.entities.CalculatorTest
-------------------------------------------------------------------------------
Tests run: 6, Failures: 1, Errors: 0, Skipped: 0, Time elapsed: 0.093 s <<< FAILURE! - in by.itacademy.calculator.sabatsevIgor.entities.CalculatorTest
by.itacademy.calculator.sabatsevIgor.entities.CalculatorTest.TestDivisionByZeroPerformance  Time elapsed: 0 s  <<< FAILURE!
org.opentest4j.AssertionFailedError: Expected by.itacademy.calculator.sabatsevIgor.exceptions.DivideByZeroException to be thrown, but nothing was thrown.
	at by.itacademy.calculator.sabatsevIgor.entities.CalculatorTest.TestDivisionByZeroPerformance(CalculatorTest.java:40)

