<?xml version="1.0" encoding="UTF-8"?>
<testsuite xmlns:xsi="http://www.w3.org/2001/XMLSchema-instance" xsi:noNamespaceSchemaLocation="https://maven.apache.org/surefire/maven-surefire-plugin/xsd/surefire-test-report-3.0.xsd" version="3.0" name="by.itacademy.calculator.sabatsevIgor.entities.CalculatorTest" time="0.093" tests="6" errors="0" skipped="0" failures="1">
  <properties>
[...]
</properties>
  <testcase name="testMultiplyingByZero" classname="by.itacademy.calculator.sabatsevIgor.entities.CalculatorTest" time="0.047"/>
  <testcase name="testMultiplication" classname="by.itacademy.calculator.sabatsevIgor.entities.CalculatorTest" time="0"/>
  <testcase name="testAddition" classname="by.itacademy.calculator.sabatsevIgor.entities.CalculatorTest" time="0"/>
  <testcase name="TestDivisionByZeroPerformance" classname="by.itacademy.calculator.sabatsevIgor.entities.CalculatorTest" time="0">
    <failure type="org.opentest4j.AssertionFailedError"><![CDATA[org.opentest4j.AssertionFailedError: Expected by.itacademy.calculator.sabatsevIgor.exceptions.DivideByZeroException to be thrown, but nothing was thrown.
	at by.itacademy.calculator.sabatsevIgor.entities.CalculatorTest.TestDivisionByZeroPerformance(CalculatorTest.java:40)
]]></failure>
    <system-err><![CDATA[Деление на ноль запрещено! Попробуйте еще раз...
]]></system-err>
  </testcase>
  <testcase name="testDivision" classname="by.itacademy.calculator.sabatsevIgor.entities.CalculatorTest" time="0"/>
  <testcase name="testSubtraction" classname="by.itacademy.calculator.sabatsevIgor.entities.CalculatorTest" time="0"/>
</testsuite>